<?xml version="1.0" encoding="UTF-8"?>
<!-- Generated by org.testng.reporters.JUnitReportReporter -->
<testsuite hostname="DESKTOP-1PHE2Q8" failures="0" tests="3" name="Cucumber.TestNGTestRunner" time="63.343" errors="0" timestamp="2025-04-03T15:14:36 IST" skipped="0">
  <testcase classname="Cucumber.TestNGTestRunner" name="runScenario" time="25.850"/>
  <testcase classname="Cucumber.TestNGTestRunner" name="runScenario" time="25.024"/>
  <testcase classname="Cucumber.TestNGTestRunner" name="runScenario" time="12.469"/>
</testsuite> <!-- Cucumber.TestNGTestRunner -->
