<?xml version="1.0" encoding="UTF-8"?>
<!-- Generated by org.testng.reporters.JUnitReportReporter -->
<testsuite hostname="DESKTOP-1PHE2Q8" failures="0" tests="2" name="RahulShettyAcademy.Tests.SubmitOrderTest" time="61.270" errors="0" timestamp="2025-03-30T17:18:43 IST" skipped="0">
  <testcase classname="RahulShettyAcademy.Tests.SubmitOrderTest" name="submitOrder" time="36.710"/>
  <testcase classname="RahulShettyAcademy.Tests.SubmitOrderTest" name="submitOrder" time="24.560"/>
</testsuite> <!-- RahulShettyAcademy.Tests.SubmitOrderTest -->
