<?xml version="1.0" encoding="UTF-8"?>
<!-- Generated by org.testng.reporters.JUnitReportReporter -->
<testsuite hostname="DESKTOP-1PHE2Q8" failures="0" tests="1" name="RahulShettyAcademy.Tests.ErrorValidationsTest" time="12.532" errors="0" timestamp="2025-03-31T18:01:57 IST" skipped="0">
  <testcase classname="RahulShettyAcademy.Tests.ErrorValidationsTest" name="loginErrorValidation" time="12.532"/>
</testsuite> <!-- RahulShettyAcademy.Tests.ErrorValidationsTest -->
