<?xml version="1.0" encoding="UTF-8"?>
<!-- Generated by org.testng.reporters.JUnitReportReporter -->
<testsuite hostname="DESKTOP-1PHE2Q8" failures="0" tests="3" name="Cucumber.TestNGTestRunner" time="69.830" errors="0" timestamp="2025-04-03T15:52:33 IST" skipped="0">
  <testcase classname="Cucumber.TestNGTestRunner" name="runScenario" time="15.196"/>
  <testcase classname="Cucumber.TestNGTestRunner" name="runScenario" time="28.534"/>
  <testcase classname="Cucumber.TestNGTestRunner" name="runScenario" time="26.100"/>
</testsuite> <!-- Cucumber.TestNGTestRunner -->
